<?xml version="1.0" encoding="UTF-8"?>
<!-- Generated by org.testng.reporters.JUnitReportReporter -->
<testsuite skipped="0" hostname="CATO5CG8324RDL" name="Academy.HomePage" tests="2" failures="0" timestamp="08 Oct 2018 06:26:41 GMT" time="42.188" errors="0">
  <testcase name="basePageNavigation" time="24.979" classname="Academy.HomePage"/>
  <testcase name="basePageNavigation" time="17.209" classname="Academy.HomePage"/>
</testsuite> <!-- Academy.HomePage -->
