<?xml version="1.0" encoding="UTF-8"?>
<!-- Generated by org.testng.reporters.JUnitReportReporter -->
<testsuite skipped="0" hostname="Sandy" name="Flow_E2E.Assignment" tests="1" failures="0" timestamp="02 Dec 2018 23:35:28 GMT" time="28.284" errors="0">
  <testcase name="Excercise" time="28.284" classname="Flow_E2E.Assignment"/>
</testsuite> <!-- Flow_E2E.Assignment -->
