<?xml version="1.0" encoding="UTF-8"?>
<!-- Generated by org.testng.reporters.JUnitReportReporter -->
<testsuite skipped="0" hostname="CATO5CG8324RDL" name="Academy.validateNavigationBar" tests="1" failures="0" timestamp="08 Oct 2018 06:26:41 GMT" time="0.059" errors="0">
  <testcase name="validateAppNavBar" time="0.059" classname="Academy.validateNavigationBar"/>
</testsuite> <!-- Academy.validateNavigationBar -->
