<?xml version="1.0" encoding="UTF-8"?>
<!-- Generated by org.testng.reporters.JUnitReportReporter -->
<testsuite skipped="0" hostname="Sandy" name="Flow_E2E.demo2" tests="1" failures="0" timestamp="01 Dec 2018 21:06:51 GMT" time="29.442" errors="0">
  <testcase name="Excercise" time="29.442" classname="Flow_E2E.demo2"/>
</testsuite> <!-- Flow_E2E.demo2 -->
